<?xml version="1.0" encoding="UTF-8"?>
<!-- Generated by org.testng.reporters.JUnitXMLReporter -->
<testsuite ignored="0" hostname="LeMakhno" failures="0" tests="10" name="Surefire test" time="5.611" errors="0" timestamp="2022-07-04T01:41:12 EEST">
  <testcase classname="com.lemakhno.mytests.JiraTest" name="testLogin" time="1.71"/>
  <testcase classname="com.lemakhno.mytests.JiraTest" name="testCreateIssue" time="0.068"/>
  <testcase classname="com.lemakhno.mytests.JiraTest" name="testAddCommentToIssue" time="0.056"/>
  <testcase classname="com.lemakhno.mytests.JiraTest" name="testAddAttachmentToIssue" time="0.16"/>
  <testcase classname="com.lemakhno.mytests.JiraTest" name="testDeleteIssue" time="0.099"/>
  <testcase classname="com.lemakhno.mytests.LibraryTest" name="testBulkBooksCreation" time="0.708"/>
  <testcase classname="com.lemakhno.mytests.LibraryTest" name="testBulkBooksCreation" time="0.726"/>
  <testcase classname="com.lemakhno.mytests.LibraryTest" name="testBulkBooksCreation" time="0.66"/>
  <testcase classname="com.lemakhno.mytests.LibraryTest" name="testCreateNewBook" time="0.691"/>
  <testcase classname="com.lemakhno.mytests.LibraryTest" name="testGetBooksByAuthorName" time="0.697"/>
</testsuite> <!-- Surefire test -->
