<?xml version="1.0" encoding="UTF-8"?>
<!-- Generated by org.testng.reporters.JUnitXMLReporter -->
<testsuite ignored="0" hostname="LeMakhno" failures="2" tests="11" name="test3" time="0.053" errors="0" timestamp="2022-07-09T23:29:28 EEST">
  <testcase classname="com.lemakhno.mytests.TestsForPractice" name="parametrizedTest" time="0.011"/>
  <testcase classname="com.lemakhno.mytests.TestsForPractice" name="test1" time="0.002"/>
  <testcase classname="com.lemakhno.mytests.TestsForPractice" name="test2" time="0.0"/>
  <testcase classname="com.lemakhno.mytests.TestsForPractice" name="test3" time="0.001">
    <skipped/>
  </testcase> <!-- test3 -->
  <testcase classname="com.lemakhno.mytests.TestsForPractice" name="test3" time="0.0">
    <skipped/>
  </testcase> <!-- test3 -->
  <testcase classname="com.lemakhno.mytests.TestsForPractice" name="test3" time="0.0">
    <skipped/>
  </testcase> <!-- test3 -->
  <testcase classname="com.lemakhno.mytests.TestsForPractice" name="test3" time="0.0">
    <failure type="java.lang.AssertionError" message="expected [true] but found [false]">
      <![CDATA[java.lang.AssertionError: expected [true] but found [false]
at com.lemakhno.mytests.TestsForPractice.test3(TestsForPractice.java:40)
at java.base/java.util.ArrayList.forEach(ArrayList.java:1541)
... Removed 35 stack frames]]>
    </failure>
  </testcase> <!-- test3 -->
  <testcase classname="com.lemakhno.mytests.TestsForPractice" name="test4" time="0.0">
    <skipped/>
  </testcase> <!-- test4 -->
  <testcase classname="com.lemakhno.mytests.TestsForPractice" name="test4" time="0.0">
    <skipped/>
  </testcase> <!-- test4 -->
  <testcase classname="com.lemakhno.mytests.TestsForPractice" name="test4" time="0.0">
    <skipped/>
  </testcase> <!-- test4 -->
  <testcase classname="com.lemakhno.mytests.TestsForPractice" name="test4" time="0.001">
    <failure type="java.lang.AssertionError" message="expected [true] but found [false]">
      <![CDATA[java.lang.AssertionError: expected [true] but found [false]
at com.lemakhno.mytests.TestsForPractice.test4(TestsForPractice.java:46)
at java.base/java.util.ArrayList.forEach(ArrayList.java:1541)
... Removed 35 stack frames]]>
    </failure>
  </testcase> <!-- test4 -->
</testsuite> <!-- test3 -->
