<?xml version="1.0" encoding="UTF-8"?>
<!-- Generated by org.testng.reporters.JUnitXMLReporter -->
<testsuite ignored="0" hostname="LeMakhno" failures="0" tests="7" name="jirafulltest" time="2.267" errors="0" timestamp="2022-07-07T01:23:39 EEST">
  <testcase classname="com.lemakhno.mytests.JiraTest" name="testLogin" time="1.762"/>
  <testcase classname="com.lemakhno.mytests.JiraTest" name="testCreateIssue" time="0.079"/>
  <testcase classname="com.lemakhno.mytests.JiraTest" name="testAddCommentToIssue" time="0.058"/>
  <testcase classname="com.lemakhno.mytests.JiraTest" name="testUpdateComment" time="0.076"/>
  <testcase classname="com.lemakhno.mytests.JiraTest" name="testDeleteCommentFromIssue" time="0.04"/>
  <testcase classname="com.lemakhno.mytests.JiraTest" name="testAddAttachmentToIssue" time="0.134"/>
  <testcase classname="com.lemakhno.mytests.JiraTest" name="testDeleteIssue" time="0.089"/>
</testsuite> <!-- jirafulltest -->
