<?xml version="1.0" encoding="UTF-8"?>
<!-- Generated by org.testng.reporters.JUnitXMLReporter -->
<testsuite ignored="3" hostname="LeMakhno" failures="0" tests="2" name="jirafulltest" time="2.132" errors="0" timestamp="2022-07-07T16:21:07 EEST">
  <testcase classname="com.lemakhno.mytests.SerialDeserialSimpleTest" name="test4" time="1.657"/>
  <testcase classname="com.lemakhno.mytests.SerialDeserialSimpleTest" name="test5" time="0.445"/>
  <testcase classname="com.lemakhno.mytests.SerialDeserialSimpleTest" name="test3" time="0.0">
    <ignored/>
  </testcase> <!-- test3 -->
  <testcase classname="com.lemakhno.mytests.SerialDeserialSimpleTest" name="test2" time="0.0">
    <ignored/>
  </testcase> <!-- test2 -->
  <testcase classname="com.lemakhno.mytests.SerialDeserialSimpleTest" name="test1" time="0.0">
    <ignored/>
  </testcase> <!-- test1 -->
</testsuite> <!-- jirafulltest -->
