<?xml version="1.0" encoding="UTF-8"?>
<testng-results ignored="0" total="7" passed="7" failed="0" skipped="0">
  <reporter-output>
  </reporter-output>
  <suite started-at="2022-07-07T01:23:37 EEST" name="suite1" finished-at="2022-07-07T01:23:39 EEST" duration-ms="2267">
    <groups>
    </groups>
    <test started-at="2022-07-07T01:23:37 EEST" name="jirafulltest" finished-at="2022-07-07T01:23:39 EEST" duration-ms="2267">
      <class name="com.lemakhno.mytests.JiraTest">
        <test-method signature="testLogin()[pri:1, instance:com.lemakhno.mytests.JiraTest@2b4bac49]" started-at="2022-07-07T01:23:37 EEST" name="testLogin" finished-at="2022-07-07T01:23:38 EEST" duration-ms="1762" status="PASS">
          <reporter-output>
          </reporter-output>
        </test-method> <!-- testLogin -->
        <test-method signature="testCreateIssue()[pri:2, instance:com.lemakhno.mytests.JiraTest@2b4bac49]" started-at="2022-07-07T01:23:38 EEST" name="testCreateIssue" finished-at="2022-07-07T01:23:39 EEST" duration-ms="79" status="PASS">
          <reporter-output>
          </reporter-output>
        </test-method> <!-- testCreateIssue -->
        <test-method signature="testAddCommentToIssue()[pri:3, instance:com.lemakhno.mytests.JiraTest@2b4bac49]" started-at="2022-07-07T01:23:39 EEST" name="testAddCommentToIssue" finished-at="2022-07-07T01:23:39 EEST" duration-ms="58" status="PASS">
          <reporter-output>
          </reporter-output>
        </test-method> <!-- testAddCommentToIssue -->
        <test-method signature="testUpdateComment()[pri:4, instance:com.lemakhno.mytests.JiraTest@2b4bac49]" started-at="2022-07-07T01:23:39 EEST" name="testUpdateComment" finished-at="2022-07-07T01:23:39 EEST" duration-ms="76" status="PASS">
          <reporter-output>
          </reporter-output>
        </test-method> <!-- testUpdateComment -->
        <test-method signature="testDeleteCommentFromIssue()[pri:5, instance:com.lemakhno.mytests.JiraTest@2b4bac49]" started-at="2022-07-07T01:23:39 EEST" name="testDeleteCommentFromIssue" finished-at="2022-07-07T01:23:39 EEST" duration-ms="40" status="PASS">
          <reporter-output>
          </reporter-output>
        </test-method> <!-- testDeleteCommentFromIssue -->
        <test-method signature="testAddAttachmentToIssue()[pri:6, instance:com.lemakhno.mytests.JiraTest@2b4bac49]" started-at="2022-07-07T01:23:39 EEST" name="testAddAttachmentToIssue" finished-at="2022-07-07T01:23:39 EEST" duration-ms="134" status="PASS">
          <reporter-output>
          </reporter-output>
        </test-method> <!-- testAddAttachmentToIssue -->
        <test-method signature="testDeleteIssue()[pri:7, instance:com.lemakhno.mytests.JiraTest@2b4bac49]" started-at="2022-07-07T01:23:39 EEST" name="testDeleteIssue" finished-at="2022-07-07T01:23:39 EEST" duration-ms="89" status="PASS">
          <reporter-output>
          </reporter-output>
        </test-method> <!-- testDeleteIssue -->
      </class> <!-- com.lemakhno.mytests.JiraTest -->
    </test> <!-- jirafulltest -->
  </suite> <!-- suite1 -->
</testng-results>
