<?xml version="1.0" encoding="UTF-8"?>
<testsuite xmlns:xsi="http://www.w3.org/2001/XMLSchema-instance" xsi:noNamespaceSchemaLocation="https://maven.apache.org/surefire/maven-surefire-plugin/xsd/surefire-test-report.xsd" name="TestSuite" time="2.651" tests="7" errors="0" skipped="0" failures="0">
  <properties>
[...]
</properties>
  <testcase name="testLogin" classname="com.lemakhno.mytests.JiraTest" time="1.763"/>
  <testcase name="testCreateIssue" classname="com.lemakhno.mytests.JiraTest" time="0.079"/>
  <testcase name="testAddCommentToIssue" classname="com.lemakhno.mytests.JiraTest" time="0.058"/>
  <testcase name="testUpdateComment" classname="com.lemakhno.mytests.JiraTest" time="0.078"/>
  <testcase name="testDeleteCommentFromIssue" classname="com.lemakhno.mytests.JiraTest" time="0.039"/>
  <testcase name="testAddAttachmentToIssue" classname="com.lemakhno.mytests.JiraTest" time="0.133"/>
  <testcase name="testDeleteIssue" classname="com.lemakhno.mytests.JiraTest" time="0.096"/>
</testsuite>